-------------------------------------------------------------------------------
Test set: TestSuite
-------------------------------------------------------------------------------
Tests run: 3, Failures: 1, Errors: 0, Skipped: 0, Time elapsed: 201.28 sec <<< FAILURE!
sheinHappyScenario(Shein.SheinTestAutomationMaven.Shein)  Time elapsed: 115.564 sec  <<< FAILURE!
java.lang.AssertionError: Assert Number of Items in the Bag expected [3] but found [2]
	at org.testng.Assert.fail(Assert.java:96)
	at org.testng.Assert.failNotEquals(Assert.java:776)
	at org.testng.Assert.assertEqualsImpl(Assert.java:137)
	at org.testng.Assert.assertEquals(Assert.java:118)
	at org.testng.Assert.assertEquals(Assert.java:652)
	at PageObjects.SheinGoods.verifyBag(SheinGoods.java:47)
	at Shein.SheinTestAutomationMaven.Shein.sheinHappyScenario(Shein.java:74)

